<?xml version="1.0" encoding="UTF-8" ?>
<testsuite tests="9" failures="0" name="com.model.AppTest" time="0.23" errors="0" skipped="0">
  <properties>
[...]
</properties>
  <testcase classname="com.model.AppTest" name="right_diagonal_Test" time="0.034"/>
  <testcase classname="com.model.AppTest" name="vertical_1_Test" time="0.018"/>
  <testcase classname="com.model.AppTest" name="vertical_2_Test" time="0.017"/>
  <testcase classname="com.model.AppTest" name="vertical_3_Test" time="0.015"/>
  <testcase classname="com.model.AppTest" name="horizontal_1_Test" time="0.014"/>
  <testcase classname="com.model.AppTest" name="horizontal_2_Test" time="0.014"/>
  <testcase classname="com.model.AppTest" name="horizontal_3_Test" time="0.008"/>
  <testcase classname="com.model.AppTest" name="left_diagonal_Test" time="0.096"/>
  <testcase classname="com.model.AppTest" name="tic_tac_toe_Test" time="0.014"/>
</testsuite>